sdB is #5, 1st star is #1, 2nd star is #9, 3rd star is #6
                            sdB   -------- FWHM --------
   File    Center (arcsec)  Mag     sdB     #1    #9    #6         FWHM differences
pg1336.0001  0.1 E, 0.1 S   10.71    5.79  5.42  6.06  5.42    #1-#9: -11%   #6-#9: -11%
pg1336.0002  1.1 E, 0.0 N   10.73    5.58  5.51  5.37  5.28    #1-#9:   3%   #6-#9:  -2%
pg1336.0003  0.6 E, 0.1 N   10.79    5.31  4.97  5.36  4.97    #1-#9:  -8%   #6-#9:  -8%
pg1336.0004  0.2 E, 0.4 N   10.75    6.18  5.50  5.96  5.87    #1-#9:  -8%   #6-#9:  -2%
pg1336.0005  0.0 E, 0.2 N   10.69    6.28  5.58  5.97  5.66    #1-#9:  -7%   #6-#9:  -5%
pg1336.0006  1.5 E, 0.2 N   10.69    5.76  5.31  5.14  5.22    #1-#9:   3%   #6-#9:   2%
pg1336.0007  0.6 E, 0.6 N   10.74    6.22  5.69  5.66  5.74    #1-#9:   1%   #6-#9:   1%
pg1336.0008  0.3 E, 0.8 N   10.76    5.44  4.91  5.28  5.17    #1-#9:  -7%   #6-#9:  -2%
pg1336.0009  0.6 W, 0.7 N   10.78    5.87  5.30  5.31  5.38    #1-#9:   0%   #6-#9:   1%
pg1336.0010  0.9 E, 0.9 N   10.69    5.43  5.12  5.14  4.94    #1-#9:   0%   #6-#9:  -4%
pg1336.0011  0.3 E, 0.8 N   10.69    5.84  5.36  5.29  5.30    #1-#9:   1%   #6-#9:   0%
pg1336.0012  0.1 E, 0.5 N   10.69    5.68  5.56  5.61  5.40    #1-#9:  -1%   #6-#9:  -4%
pg1336.0013  0.1 W, 0.6 N   10.69    5.68  5.06  5.10  4.96    #1-#9:  -1%   #6-#9:  -3%
pg1336.0014  0.8 E, 0.7 N   10.69    5.52  5.08  5.22  4.93    #1-#9:  -3%   #6-#9:  -6%
pg1336.0015  0.8 E, 0.3 N   10.69    5.21  4.90  4.82  4.93    #1-#9:   2%   #6-#9:   2%
pg1336.0016  0.5 E, 0.2 N   10.70    4.96  4.79  4.77  4.75    #1-#9:   0%   #6-#9:   0%
pg1336.0017  0.2 W, 0.5 N   10.70    5.26  4.84  4.97  4.86    #1-#9:  -3%   #6-#9:  -2%
pg1336.0018  0.9 E, 0.1 S   10.69    5.67  5.23  5.61  5.06    #1-#9:  -7%   #6-#9: -10%
pg1336.0019  0.4 E, 0.2 N   10.69    5.56  5.16  5.24  5.47    #1-#9:  -2%   #6-#9:   4%
pg1336.0020  0.1 E, 0.3 N   10.70    4.98  4.54  4.86  4.57    #1-#9:  -7%   #6-#9:  -6%
pg1336.0021  0.1 W, 0.0 S   10.71    5.12  4.78  4.81  4.80    #1-#9:  -1%   #6-#9:   0%
pg1336.0022  0.2 E, 0.2 S   10.70    5.58  5.19  5.36  5.51    #1-#9:  -3%   #6-#9:   3%
pg1336.0023  0.2 E, 0.3 S   10.70    5.55  5.49  5.14  5.35    #1-#9:   7%   #6-#9:   4%
pg1336.0024  0.2 W, 0.1 N   10.70    5.48  5.05  5.05  5.08    #1-#9:   0%   #6-#9:   1%
pg1336.0025  0.6 W, 0.1 N   10.70    6.30  6.38  5.90  5.99    #1-#9:   8%   #6-#9:   2%
pg1336.0026  0.0 E, 0.1 S   10.71    5.86  5.61  5.63  5.44    #1-#9:   0%   #6-#9:  -3%
pg1336.0027  0.1 W, 0.0 N   10.70    5.09  4.72  5.06  4.66    #1-#9:  -7%   #6-#9:  -8%
pg1336.0028  0.3 W, 0.1 N   10.70    5.45  5.26  5.33  5.12    #1-#9:  -1%   #6-#9:  -4%
pg1336.0029  0.3 W, 0.2 S   10.71    5.31  4.90  5.02  5.10    #1-#9:  -2%   #6-#9:   2%
pg1336.0030  0.2 W, 0.1 S   10.72    5.16  4.76  5.02  4.76    #1-#9:  -5%   #6-#9:  -5%
pg1336.0031  0.1 W, 0.4 N   10.71    5.66  5.46  5.50  5.31    #1-#9:  -1%   #6-#9:  -4%
pg1336.0032  0.3 W, 0.3 S   10.69    5.75  5.37  5.39  5.41    #1-#9:   0%   #6-#9:   0%
pg1336.0033  0.3 W, 0.1 S   10.70    6.07  5.61  5.79  5.50    #1-#9:  -3%   #6-#9:  -5%
pg1336.0034  0.1 W, 0.3 N   10.72    5.22  4.94  5.00  4.98    #1-#9:  -1%   #6-#9:   0%
pg1336.0035  0.2 E, 0.3 N   10.71    5.42  4.89  5.05  5.26    #1-#9:  -3%   #6-#9:   4%
pg1336.0036  0.4 W, 0.5 S   10.70    4.91  4.40  4.47  4.55    #1-#9:  -2%   #6-#9:   2%
pg1336.0037  0.4 W, 0.0 N   10.70    5.11  4.81  4.74  4.77    #1-#9:   1%   #6-#9:   1%
pg1336.0038  0.1 W, 0.2 N   10.72    5.11  4.57  4.98  4.74    #1-#9:  -9%   #6-#9:  -5%
pg1336.0039  0.1 E, 0.1 S   10.71    5.37  4.96  4.98  5.01    #1-#9:   0%   #6-#9:   1%
pg1336.0040  0.4 W, 0.4 S   10.70    4.93  4.54  4.44  4.62    #1-#9:   2%   #6-#9:   4%
pg1336.0041  0.8 W, 0.3 N   10.70    5.64  5.16  5.10  5.15    #1-#9:   1%   #6-#9:   1%
pg1336.0042  0.5 W, 0.1 S   10.72    5.32  4.91  4.92  4.82    #1-#9:   0%   #6-#9:  -2%
pg1336.0043  0.6 E, 0.4 S   10.72    5.21  4.89  4.74  4.82    #1-#9:   3%   #6-#9:   2%
pg1336.0044  0.4 W, 0.1 S   10.69    5.18  4.81  4.70  4.78    #1-#9:   2%   #6-#9:   2%
pg1336.0045  0.1 W, 0.2 N   10.70    4.94  4.59  4.76  4.66    #1-#9:  -4%   #6-#9:  -2%
pg1336.0046  0.3 W, 0.1 N   10.72    5.16  4.83  4.84  4.72    #1-#9:   0%   #6-#9:  -3%
pg1336.0047  0.3 E, 0.1 S   10.72    5.22  4.80  4.76  4.69    #1-#9:   1%   #6-#9:  -1%
pg1336.0048  0.3 W, 0.2 S   10.71    4.77  4.53  4.42  4.52    #1-#9:   2%   #6-#9:   2%
pg1336.0049  0.3 W, 0.3 N   10.75    5.03  4.86  4.41  4.78    #1-#9:  10%   #6-#9:   8%
pg1336.0050  0.7 W, 0.0 N   10.81    5.21  4.95  4.89  4.77    #1-#9:   1%   #6-#9:  -2%
pg1336.0051  0.1 W, 0.1 S   10.88    5.64  5.50  5.14  5.37    #1-#9:   7%   #6-#9:   4%
pg1336.0052  0.1 W, 0.4 S   10.96    4.96  4.58  4.66  4.61    #1-#9:  -2%   #6-#9:  -1%
pg1336.0053  0.5 W, 0.1 N   11.03    5.08  4.79  4.80  4.78    #1-#9:   0%   #6-#9:   0%
pg1336.0054  0.4 W, 0.2 S   11.12    4.92  4.49  4.47  4.57    #1-#9:   0%   #6-#9:   2%
pg1336.0055  0.1 W, 0.2 N   11.24    5.46  5.29  5.07  4.89    #1-#9:   4%   #6-#9:  -4%
pg1336.0056  0.1 W, 0.2 N   11.32    5.58  5.18  5.22  5.04    #1-#9:  -1%   #6-#9:  -4%
pg1336.0057  0.2 W, 0.2 S   11.35    5.89  5.36  5.22  5.78    #1-#9:   3%   #6-#9:  10%
pg1336.0058  0.4 W, 0.2 S   11.44    5.18  4.90  4.84  4.84    #1-#9:   1%   #6-#9:   0%
pg1336.0059  0.0 E, 0.1 S   11.50    5.41  5.14  5.20  5.06    #1-#9:  -1%   #6-#9:  -3%
pg1336.0060  0.1 E, 0.0 N   11.44    5.34  5.00  5.12  4.95    #1-#9:  -2%   #6-#9:  -3%
pg1336.0061  0.4 W, 0.2 S   11.36    5.67  5.31  5.17  5.09    #1-#9:   3%   #6-#9:  -2%
pg1336.0062  0.4 W, 0.4 N   11.31    5.38  4.90  4.83  5.04    #1-#9:   1%   #6-#9:   4%
pg1336.0063  0.1 W, 0.2 S   11.24    5.42  5.10  4.90  4.90    #1-#9:   4%   #6-#9:   0%
pg1336.0064  0.2 E, 0.4 S   11.12    5.88  5.78  5.54  5.38    #1-#9:   4%   #6-#9:  -3%
pg1336.0065  0.5 W, 0.2 N   11.01    4.97  4.56  4.53  4.64    #1-#9:   1%   #6-#9:   2%
pg1336.0066  0.6 W, 0.0 S   10.92    5.56  5.38  5.25  5.20    #1-#9:   2%   #6-#9:  -1%
pg1336.0067  0.6 W, 0.0 S   10.88    5.35  4.90  4.92  5.05    #1-#9:   0%   #6-#9:   3%
pg1336.0068  0.0 W, 0.3 S   10.82    5.14  4.76  4.78  4.65    #1-#9:   0%   #6-#9:  -3%
pg1336.0069  0.3 W, 0.3 N   10.74    4.95  4.60  4.42  4.47    #1-#9:   4%   #6-#9:   1%
pg1336.0070  0.3 W, 0.1 S   10.71    5.09  4.70  4.72  4.78    #1-#9:   0%   #6-#9:   1%
pg1336.0071  0.1 W, 0.4 S   10.70    4.95  4.58  4.50  4.68    #1-#9:   2%   #6-#9:   4%
pg1336.0072  0.2 E, 0.0 N   10.71    5.05  4.49  4.73  4.44    #1-#9:  -5%   #6-#9:  -6%
pg1336.0073  0.3 W, 0.1 S   10.69    4.93  4.63  4.59  4.72    #1-#9:   1%   #6-#9:   3%
pg1336.0074  0.3 W, 0.0 N   10.68    4.82  4.58  4.39  4.42    #1-#9:   4%   #6-#9:   1%
pg1336.0075  0.5 W, 0.1 N   10.69    4.72  4.29  4.26  4.30    #1-#9:   1%   #6-#9:   1%
pg1336.0076  0.4 E, 0.4 S   10.70    4.84  4.50  4.48  4.57    #1-#9:   0%   #6-#9:   2%
pg1336.0077  0.4 W, 0.2 S   10.68    4.45  4.22  3.96  4.08    #1-#9:   6%   #6-#9:   3%
pg1336.0078  0.4 W, 0.2 N   10.68    4.68  4.26  4.19  4.07    #1-#9:   2%   #6-#9:  -3%
pg1336.0079  0.5 W, 0.1 S   10.68    4.48  4.06  4.15  4.04    #1-#9:  -2%   #6-#9:  -3%
pg1336.0080  0.2 W, 0.1 S   10.69    5.05  4.66  4.57  4.78    #1-#9:   2%   #6-#9:   4%
pg1336.0081  0.3 W, 0.3 S   10.69    4.71  4.33  4.20  4.13    #1-#9:   3%   #6-#9:  -2%
pg1336.0082  0.7 W, 0.0 N   10.67    4.67  4.32  4.18  4.11    #1-#9:   3%   #6-#9:  -2%
pg1336.0083  0.8 W, 0.2 S   10.67    4.54  4.02  4.20  3.97    #1-#9:  -4%   #6-#9:  -6%
pg1336.0084  0.2 W, 0.2 S   10.68    4.92  4.55  4.53  4.51    #1-#9:   0%   #6-#9:   0%
pg1336.0085  0.4 W, 0.1 S   10.68    5.32  4.99  4.85  4.90    #1-#9:   3%   #6-#9:   1%
pg1336.0086  0.5 W, 0.2 S   10.66    5.52  5.05  5.22  5.24    #1-#9:  -3%   #6-#9:   0%
pg1336.0087  0.6 W, 0.1 N   10.65    5.58  5.26  4.98  5.21    #1-#9:   5%   #6-#9:   5%
pg1336.0088  0.3 W, 0.0 N   10.67    5.38  4.88  4.86  4.96    #1-#9:   0%   #6-#9:   2%
pg1336.0089  0.2 E, 0.3 S   10.67    4.93  4.59  4.52  4.53    #1-#9:   2%   #6-#9:   0%
pg1336.0090  0.5 W, 0.1 S   10.65    5.19  4.80  4.76  4.70    #1-#9:   1%   #6-#9:  -1%
pg1336.0091  0.6 W, 0.1 S   10.65    4.91  4.68  4.46  4.50    #1-#9:   5%   #6-#9:   1%
pg1336.0092  0.4 W, 0.2 S   10.66    5.07  4.78  4.63  4.56    #1-#9:   3%   #6-#9:  -2%
pg1336.0093  0.1 E, 0.1 S   10.67    5.28  4.86  4.91  4.82    #1-#9:  -1%   #6-#9:  -2%
pg1336.0094  0.4 W, 0.4 S   10.65    5.18  4.86  5.02  4.92    #1-#9:  -3%   #6-#9:  -2%
pg1336.0095  0.5 W, 0.2 S   10.64    4.65  4.35  4.37  4.41    #1-#9:   0%   #6-#9:   1%
pg1336.0096  0.7 W, 0.1 S   10.64    4.63  4.34  4.17  4.32    #1-#9:   4%   #6-#9:   4%
pg1336.0097  0.0 E, 0.1 S   10.65    4.88  4.44  4.41  4.48    #1-#9:   1%   #6-#9:   2%
pg1336.0098  0.6 W, 0.2 N   10.65    4.71  4.32  4.17  4.24    #1-#9:   4%   #6-#9:   2%
pg1336.0099  0.4 W, 0.1 N   10.63    4.69  4.36  4.28  4.35    #1-#9:   2%   #6-#9:   2%
pg1336.0100  0.5 W, 0.1 S   10.63    4.70  4.29  4.34  4.30    #1-#9:  -1%   #6-#9:  -1%
pg1336.0101  0.1 E, 0.1 S   10.64    4.82  4.51  4.35  4.39    #1-#9:   4%   #6-#9:   1%
pg1336.0102  0.4 W, 0.2 S   10.63    4.70  4.40  4.37  4.32    #1-#9:   1%   #6-#9:  -1%
pg1336.0103  0.6 W, 0.1 S   10.61    4.89  4.55  4.42  4.41    #1-#9:   3%   #6-#9:   0%
pg1336.0104  0.8 W, 0.2 N   10.62    4.76  4.31  4.09  4.41    #1-#9:   5%   #6-#9:   8%
pg1336.0105  0.2 W, 0.2 N   10.63    4.85  4.47  4.42  4.23    #1-#9:   1%   #6-#9:  -4%
pg1336.0106  0.6 W, 0.2 S   10.62    4.60  4.29  4.20  4.25    #1-#9:   2%   #6-#9:   1%
pg1336.0107  0.6 W, 0.3 S   10.60    4.82  4.48  4.37  4.33    #1-#9:   2%   #6-#9:  -1%
pg1336.0108  0.8 W, 0.1 S   10.61    4.37  3.97  3.97  3.97    #1-#9:   0%   #6-#9:   0%
pg1336.0109  0.1 W, 0.1 S   10.62    4.68  4.28  4.35  4.39    #1-#9:  -2%   #6-#9:   1%
pg1336.0110  0.2 W, 0.1 S   10.64    4.71  4.38  4.18  4.18    #1-#9:   5%   #6-#9:   0%
pg1336.0111  0.5 W, 0.0 N   10.66    4.79  4.46  4.39  4.29    #1-#9:   2%   #6-#9:  -2%
pg1336.0112  0.8 W, 0.1 S   10.62    4.66  4.37  4.46  4.35    #1-#9:  -2%   #6-#9:  -2%
pg1336.0113  0.2 W, 0.1 S   10.60    4.90  4.60  4.68  4.44    #1-#9:  -2%   #6-#9:  -5%
pg1336.0114  0.3 W, 0.1 S   10.61    4.60  4.22  4.33  4.31    #1-#9:  -3%   #6-#9:   0%
pg1336.0115  0.8 W, 0.2 S   10.60    4.77  4.57  4.43  4.53    #1-#9:   3%   #6-#9:   2%
pg1336.0116  0.7 W, 0.0 N   10.59    4.66  4.38  4.32  4.24    #1-#9:   1%   #6-#9:  -2%
pg1336.0117  0.4 W, 0.1 N   10.59    5.05  4.80  4.69  4.83    #1-#9:   2%   #6-#9:   3%
pg1336.0118  0.0 W, 0.1 S   10.59    4.68  4.41  4.44  4.50    #1-#9:  -1%   #6-#9:   1%
pg1336.0119  0.6 W, 0.2 S   10.58    4.55  4.26  4.20  4.11    #1-#9:   1%   #6-#9:  -2%
pg1336.0120  0.8 W, 0.2 S   10.57    4.77  4.35  4.18  4.34    #1-#9:   4%   #6-#9:   4%
pg1336.0121  0.8 W, 0.2 S   10.57    4.76  4.37  4.22  4.28    #1-#9:   3%   #6-#9:   1%
pg1336.0122  0.0 W, 0.2 S   10.58    4.75  4.66  4.48  4.60    #1-#9:   4%   #6-#9:   3%
pg1336.0123  0.5 W, 0.3 S   10.58    5.12  5.18  4.67  5.13    #1-#9:  10%   #6-#9:   9%
pg1336.0124  0.4 W, 0.2 S   10.59    4.77  4.58  4.42  4.46    #1-#9:   4%   #6-#9:   1%
pg1336.0125  0.4 W, 0.0 N   10.59    4.56  4.27  4.06  4.12    #1-#9:   5%   #6-#9:   1%
pg1336.0126  0.3 E, 0.0 N   10.62    4.81  4.38  4.40  4.38    #1-#9:   0%   #6-#9:   0%
pg1336.0127  0.3 W, 0.0 S   10.61    4.55  4.26  4.19  4.00    #1-#9:   2%   #6-#9:  -5%
pg1336.0128  0.4 W, 0.0 S   10.60    4.55  4.17  4.14  4.08    #1-#9:   1%   #6-#9:  -1%
pg1336.0129  0.3 W, 0.0 S   10.58    4.51  4.24  3.93  4.10    #1-#9:   8%   #6-#9:   4%
pg1336.0130  0.2 E, 0.0 N   10.60    4.74  4.43  4.37  4.19    #1-#9:   1%   #6-#9:  -4%
pg1336.0131  0.4 W, 0.0 S   10.59    4.52  4.18  4.22  4.15    #1-#9:  -1%   #6-#9:  -2%
pg1336.0132  0.2 W, 0.1 S   10.56    4.66  4.44  4.13  4.36    #1-#9:   7%   #6-#9:   5%
pg1336.0133  0.3 W, 0.2 N   10.56    4.54  4.13  4.00  4.01    #1-#9:   3%   #6-#9:   0%
pg1336.0134  0.3 E, 0.3 N   10.56    5.02  4.81  4.47  4.77    #1-#9:   7%   #6-#9:   6%
pg1336.0135  0.2 W, 0.2 N   10.55    4.56  4.26  4.20  4.28    #1-#9:   1%   #6-#9:   2%
pg1336.0136  0.6 W, 0.0 N   10.54    4.37  4.09  3.86  3.91    #1-#9:   6%   #6-#9:   1%
pg1336.0137  0.6 W, 0.2 S   10.51    4.71  4.23  4.06  4.18    #1-#9:   4%   #6-#9:   3%
pg1336.0138  0.1 W, 0.2 N   10.51    4.76  4.56  4.36  4.47    #1-#9:   4%   #6-#9:   2%
pg1336.0139  0.0 E, 0.2 S   10.52    4.45  4.10  3.88  4.19    #1-#9:   6%   #6-#9:   8%
pg1336.0140  0.5 W, 0.2 S   10.51    4.49  4.24  3.97  4.08    #1-#9:   7%   #6-#9:   3%
pg1336.0141  0.6 W, 0.0 N   10.49    4.36  4.10  4.06  4.01    #1-#9:   1%   #6-#9:  -1%
pg1336.0142  0.3 W, 0.1 S   10.47    4.94  4.69  4.40  4.50    #1-#9:   6%   #6-#9:   2%
pg1336.0143  0.0 W, 0.1 S   10.50    4.60  4.12  4.06  4.12    #1-#9:   1%   #6-#9:   1%
pg1336.0144  0.5 W, 0.0 S   10.50    4.58  4.11  4.20  4.06    #1-#9:  -2%   #6-#9:  -3%
pg1336.0145  0.4 W, 0.2 N   10.47    4.49  4.18  3.93  3.96    #1-#9:   6%   #6-#9:   1%
pg1336.0146  0.3 W, 0.1 N   10.46    4.61  4.30  4.35  4.23    #1-#9:  -1%   #6-#9:  -3%
pg1336.0147  0.3 E, 0.1 S   10.48    4.86  4.58  4.38  4.56    #1-#9:   4%   #6-#9:   4%
pg1336.0148  0.5 W, 0.0 S   10.48    4.37  4.07  4.01  4.00    #1-#9:   1%   #6-#9:   0%
pg1336.0149  0.7 W, 0.0 S   10.47    4.54  4.32  4.05  4.04    #1-#9:   6%   #6-#9:   0%
pg1336.0150  0.5 W, 0.2 S   10.47    4.48  4.12  4.13  4.04    #1-#9:   0%   #6-#9:  -2%
pg1336.0151  0.1 W, 0.2 N   10.48    4.69  4.41  4.24  4.36    #1-#9:   4%   #6-#9:   3%
pg1336.0152  0.4 W, 0.1 N   10.50    4.55  4.16  4.03  4.14    #1-#9:   3%   #6-#9:   3%
pg1336.0153  0.1 W, 0.1 S   10.51    4.62  4.35  4.16  4.24    #1-#9:   4%   #6-#9:   2%
pg1336.0154  0.1 W, 0.0 S   10.50    4.54  4.10  4.14  4.18    #1-#9:  -1%   #6-#9:   1%
pg1336.0155  0.4 E, 0.4 N   10.52    4.73  4.44  4.22  4.50    #1-#9:   5%   #6-#9:   6%
pg1336.0156  0.1 W, 0.3 N   10.55    4.78  4.46  4.39  4.50    #1-#9:   2%   #6-#9:   2%
pg1336.0157  0.1 W, 0.0 N   10.55    4.98  4.72  4.69  4.76    #1-#9:   1%   #6-#9:   1%
pg1336.0158  0.3 W, 0.1 S   10.54    4.80  4.39  4.46  4.51    #1-#9:  -2%   #6-#9:   1%
pg1336.0159  0.5 E, 0.2 S   10.55    5.28  4.86  4.86  4.91    #1-#9:   0%   #6-#9:   1%
pg1336.0160  0.0 E, 0.2 N   10.56    4.78  4.44  4.47  4.30    #1-#9:  -1%   #6-#9:  -4%
pg1336.0161  0.3 W, 0.0 N   10.56    4.72  4.42  4.35  4.46    #1-#9:   2%   #6-#9:   2%
pg1336.0162  0.3 W, 0.0 N   10.55    4.80  4.51  4.42  4.42    #1-#9:   2%   #6-#9:   0%
pg1336.0163  0.0 W, 0.0 S   10.53    5.08  4.88  4.62  4.90    #1-#9:   5%   #6-#9:   6%
pg1336.0164  0.3 W, 0.0 S   10.52    5.00  4.52  4.54  4.60    #1-#9:   0%   #6-#9:   1%
pg1336.0165  0.2 W, 0.3 N   10.52    5.01  4.77  4.69  4.55    #1-#9:   2%   #6-#9:  -3%
pg1336.0166  0.5 W, 0.1 S   10.52    4.87  4.56  4.27  4.45    #1-#9:   7%   #6-#9:   4%
pg1336.0167  0.1 E, 0.0 N   10.49    4.92  4.66  4.61  4.46    #1-#9:   1%   #6-#9:  -3%
pg1336.0168  0.2 W, 0.1 N   10.48    4.88  4.49  4.47  4.56    #1-#9:   0%   #6-#9:   2%
pg1336.0169  0.4 W, 0.1 N   10.48    4.72  4.26  4.16  4.26    #1-#9:   2%   #6-#9:   2%
pg1336.0170  0.4 W, 0.1 N   10.48    4.78  4.41  4.34  4.39    #1-#9:   2%   #6-#9:   1%
pg1336.0171  0.3 W, 0.3 N   10.46    5.00  4.67  4.52  4.46    #1-#9:   3%   #6-#9:  -1%
pg1336.0172  0.0 W, 0.3 N   10.46    4.69  4.56  4.30  4.36    #1-#9:   6%   #6-#9:   1%
pg1336.0173  0.5 W, 0.0 N   10.47    4.74  4.30  4.29  4.34    #1-#9:   0%   #6-#9:   1%
pg1336.0174  0.3 W, 0.1 S   10.48    4.76  4.51  4.26  4.42    #1-#9:   6%   #6-#9:   4%
pg1336.0175  0.2 W, 0.0 N   10.47    4.65  4.23  4.16  4.25    #1-#9:   2%   #6-#9:   2%
pg1336.0176  0.1 E, 0.0 S   10.46    4.73  4.66  4.40  4.45    #1-#9:   6%   #6-#9:   1%
pg1336.0177  0.4 W, 0.4 N   10.47    4.93  4.72  4.46  4.42    #1-#9:   6%   #6-#9:  -1%
pg1336.0178  0.5 W, 0.3 N   10.48    4.88  4.76  4.46  4.48    #1-#9:   7%   #6-#9:   0%
pg1336.0179  0.3 W, 0.0 S   10.48    4.86  4.73  4.42  4.47    #1-#9:   7%   #6-#9:   1%
pg1336.0180  0.1 E, 0.2 S   10.48    4.86  4.65  4.36  4.44    #1-#9:   6%   #6-#9:   2%
pg1336.0181  0.6 W, 0.2 N   10.48    4.79  4.31  4.08  4.21    #1-#9:   5%   #6-#9:   3%
pg1336.0182  0.3 W, 0.2 N   10.49    4.76  4.51  4.15  4.23    #1-#9:   8%   #6-#9:   2%
pg1336.0183  0.2 W, 0.2 S   10.50    4.60  4.29  4.16  4.07    #1-#9:   3%   #6-#9:  -2%
pg1336.0184  0.4 E, 0.1 N   10.49    4.74  4.37  4.35  4.45    #1-#9:   0%   #6-#9:   2%
pg1336.0185  0.3 W, 0.1 N   10.48    4.77  4.48  4.25  4.28    #1-#9:   5%   #6-#9:   1%
pg1336.0186  0.3 W, 0.1 S   10.51    4.88  4.52  4.35  4.35    #1-#9:   4%   #6-#9:   0%
pg1336.0187  0.6 W, 0.2 N   10.51    4.68  4.49  4.35  4.30    #1-#9:   3%   #6-#9:  -1%
pg1336.0188  0.4 E, 0.2 N   10.49    4.93  4.68  4.63  4.63    #1-#9:   1%   #6-#9:   0%
pg1336.0189  0.5 W, 0.1 N   10.50    5.08  4.79  4.74  4.74    #1-#9:   1%   #6-#9:   0%
pg1336.0190  0.5 W, 0.2 S   10.51    5.17  4.80  4.70  4.55    #1-#9:   2%   #6-#9:  -3%
pg1336.0191  0.5 W, 0.0 N   10.52    4.73  4.43  4.44  4.47    #1-#9:   0%   #6-#9:   1%
pg1336.0192  0.3 W, 0.4 N   10.52    5.05  4.62  4.72  4.73    #1-#9:  -2%   #6-#9:   0%
pg1336.0193  0.1 W, 0.0 N   10.51    4.86  4.71  4.54  4.36    #1-#9:   4%   #6-#9:  -4%
pg1336.0194  0.1 W, 0.1 N   10.51    4.73  4.43  4.23  4.32    #1-#9:   5%   #6-#9:   2%
pg1336.0195  0.2 W, 0.1 N   10.54    4.87  4.44  4.46  4.60    #1-#9:   0%   #6-#9:   3%
pg1336.0196  0.2 E, 0.2 N   10.53    5.05  4.75  4.70  4.63    #1-#9:   1%   #6-#9:  -2%
pg1336.0197  0.0 E, 0.2 N   10.52    4.79  4.51  4.43  4.38    #1-#9:   2%   #6-#9:  -1%
pg1336.0198  0.1 W, 0.0 N   10.52    4.90  4.55  4.37  4.46    #1-#9:   4%   #6-#9:   2%
pg1336.0199  0.4 W, 0.2 N   10.55    4.74  4.38  4.15  4.34    #1-#9:   5%   #6-#9:   4%
pg1336.0200  0.1 W, 0.3 N   10.54    5.32  5.04  4.76  4.79    #1-#9:   6%   #6-#9:   1%
pg1336.0201  0.3 E, 0.1 N   10.53    5.04  4.77  4.44  4.59    #1-#9:   7%   #6-#9:   3%
pg1336.0202  0.3 W, 0.0 N   10.54    5.36  4.95  5.22  4.89    #1-#9:  -5%   #6-#9:  -7%
pg1336.0203  0.2 W, 0.1 N   10.55    4.83  4.62  4.36  4.33    #1-#9:   6%   #6-#9:  -1%
pg1336.0204  0.2 W, 0.1 N   10.55    5.30  5.04  4.74  4.84    #1-#9:   6%   #6-#9:   2%
pg1336.0205  0.2 E, 0.2 N   10.55    5.20  4.83  5.73  4.79    #1-#9: -17%   #6-#9: -18%
pg1336.0206  0.3 W, 0.2 N   10.55    4.96  4.64  4.56  4.62    #1-#9:   2%   #6-#9:   1%
pg1336.0207  0.4 W, 0.1 N   10.55    5.13  4.81  4.77  4.82    #1-#9:   1%   #6-#9:   1%
pg1336.0208  0.3 W, 0.3 N   10.57    5.06  4.75  4.70  4.70    #1-#9:   1%   #6-#9:   0%
pg1336.0209  0.6 E, 0.2 N   10.56    5.60  5.22  4.92  5.24    #1-#9:   6%   #6-#9:   6%
pg1336.0210  0.1 W, 0.1 N   10.55    5.27  4.92  4.80  4.89    #1-#9:   2%   #6-#9:   2%
pg1336.0211  0.2 W, 0.3 N   10.57    5.19  4.82  4.78  4.68    #1-#9:   1%   #6-#9:  -2%
pg1336.0212  0.3 W, 0.1 N   10.59    4.84  4.61  4.36  4.41    #1-#9:   6%   #6-#9:   1%
pg1336.0213  0.5 E, 0.3 N   10.57    5.12  4.85  4.59  4.64    #1-#9:   6%   #6-#9:   1%
pg1336.0214  0.2 W, 0.3 N   10.57    4.87  4.58  4.44  4.50    #1-#9:   3%   #6-#9:   1%
pg1336.0215  0.2 W, 0.1 N   10.58    5.00  4.60  4.65  4.58    #1-#9:  -1%   #6-#9:  -2%
pg1336.0216  0.2 W, 0.1 N   10.59    5.05  4.65  4.53  4.64    #1-#9:   3%   #6-#9:   2%
pg1336.0217  0.3 E, 0.1 N   10.59    5.44  5.03  4.84  4.82    #1-#9:   4%   #6-#9:   0%
pg1336.0218  0.2 W, 0.3 N   10.58    5.14  4.87  4.81  4.80    #1-#9:   1%   #6-#9:   0%
pg1336.0219  0.2 W, 0.2 N   10.59    4.67  4.48  4.27  4.28    #1-#9:   5%   #6-#9:   0%
pg1336.0220  0.2 W, 0.2 N   10.60    5.06  4.82  4.74  4.66    #1-#9:   2%   #6-#9:  -2%
pg1336.0221  0.4 E, 0.3 N   10.60    5.39  5.16  5.06  5.00    #1-#9:   2%   #6-#9:  -1%
pg1336.0222  0.1 E, 0.4 N   10.60    4.80  4.67  4.37  4.55    #1-#9:   7%   #6-#9:   4%
pg1336.0223  0.3 W, 0.3 N   10.59    4.86  4.56  4.46  4.67    #1-#9:   2%   #6-#9:   5%
pg1336.0224  0.4 W, 0.0 S   10.59    5.96  5.38  5.50  5.49    #1-#9:  -2%   #6-#9:   0%
pg1336.0225  0.4 E, 0.2 S   10.61    4.88  4.61  4.35  4.29    #1-#9:   6%   #6-#9:  -1%
pg1336.0226  0.2 E, 0.1 N   10.60    5.07  4.84  4.78  4.76    #1-#9:   1%   #6-#9:   0%
pg1336.0227  0.4 W, 0.1 N   10.60    4.92  4.66  4.67  4.84    #1-#9:   0%   #6-#9:   4%
pg1336.0228  0.4 W, 0.4 N   10.61    5.03  4.78  4.52  4.62    #1-#9:   6%   #6-#9:   2%
pg1336.0229  0.2 W, 0.4 N   10.63    5.00  4.66  4.41  4.58    #1-#9:   6%   #6-#9:   4%
pg1336.0230  0.3 E, 0.2 N   10.60    5.37  5.00  4.98  4.97    #1-#9:   0%   #6-#9:   0%
pg1336.0231  0.3 W, 0.1 N   10.60    4.89  4.67  4.41  4.57    #1-#9:   6%   #6-#9:   4%
pg1336.0232  0.1 W, 0.1 N   10.61    5.41  5.10  5.01  4.92    #1-#9:   2%   #6-#9:  -2%
pg1336.0233  0.2 W, 0.0 S   10.62    5.18  4.82  4.76  4.85    #1-#9:   1%   #6-#9:   2%
pg1336.0234  0.2 E, 0.1 N   10.62    5.23  4.74  4.68  4.82    #1-#9:   1%   #6-#9:   3%
pg1336.0235  0.3 W, 0.1 N   10.61    4.98  4.76  4.56  4.51    #1-#9:   4%   #6-#9:  -1%
pg1336.0236  0.3 W, 0.2 N   10.61    5.14  4.80  4.69  4.65    #1-#9:   2%   #6-#9:  -1%
pg1336.0237  0.3 W, 0.2 N   10.62    5.23  4.79  4.66  4.79    #1-#9:   3%   #6-#9:   3%
pg1336.0238  0.5 E, 0.2 S   10.63    5.18  4.88  4.70  4.76    #1-#9:   4%   #6-#9:   1%
pg1336.0239  0.2 W, 0.3 N   10.62    5.00  4.75  4.69  4.68    #1-#9:   1%   #6-#9:   0%
pg1336.0240  0.3 W, 0.2 N   10.60    5.17  5.01  4.71  4.98    #1-#9:   6%   #6-#9:   6%
pg1336.0241  0.3 W, 0.3 N   10.63    5.12  4.78  4.80  4.69    #1-#9:   0%   #6-#9:  -2%
pg1336.0242  0.3 E, 0.2 N   10.63    4.86  4.56  4.37  4.52    #1-#9:   4%   #6-#9:   3%
pg1336.0243  0.3 W, 0.0 N   10.61    5.48  5.28  4.78  5.02    #1-#9:  10%   #6-#9:   5%
pg1336.0244  0.2 W, 0.2 N   10.61    5.21  4.84  4.78  4.90    #1-#9:   1%   #6-#9:   2%
pg1336.0245  0.7 W, 0.2 N   10.63    5.11  4.79  4.58  4.70    #1-#9:   4%   #6-#9:   3%
pg1336.0246  0.2 E, 0.5 N   10.63    5.22  4.99  5.00  4.85    #1-#9:   0%   #6-#9:  -3%
pg1336.0247  0.3 W, 0.3 N   10.62    5.44  5.03  4.97  4.88    #1-#9:   1%   #6-#9:  -2%
pg1336.0248  0.4 W, 0.2 N   10.62    5.09  4.68  4.69  4.60    #1-#9:   0%   #6-#9:  -2%
pg1336.0249  0.4 W, 0.3 N   10.62    5.20  4.82  4.84  4.93    #1-#9:   0%   #6-#9:   2%
pg1336.0250  0.1 E, 0.2 N   10.66    5.28  5.20  4.99  5.07    #1-#9:   4%   #6-#9:   2%
pg1336.0251  0.1 W, 0.3 N   10.70    4.76  4.62  4.34  4.52    #1-#9:   6%   #6-#9:   4%
pg1336.0252  0.4 W, 0.1 N   10.75    4.87  4.67  4.35  4.56    #1-#9:   7%   #6-#9:   5%
pg1336.0253  0.6 W, 0.2 N   10.81    5.07  4.84  4.41  4.54    #1-#9:   9%   #6-#9:   3%
pg1336.0254  0.3 W, 0.4 N   10.91    5.04  4.80  4.46  4.76    #1-#9:   7%   #6-#9:   7%
pg1336.0255  0.1 W, 0.2 N   11.00    4.75  4.61  4.40  4.49    #1-#9:   5%   #6-#9:   2%
pg1336.0256  0.3 W, 0.1 N   11.07    4.81  4.59  4.43  4.40    #1-#9:   4%   #6-#9:  -1%
pg1336.0257  0.1 W, 0.1 N   11.18    4.82  4.50  4.41  4.56    #1-#9:   2%   #6-#9:   3%
pg1336.0258  0.1 E, 0.1 N   11.27    5.27  4.97  4.68  4.91    #1-#9:   6%   #6-#9:   5%
pg1336.0259  0.3 E, 0.2 N   11.33    4.83  4.67  4.31  4.63    #1-#9:   8%   #6-#9:   7%
pg1336.0260  0.3 W, 0.2 N   11.38    4.76  4.46  4.43  4.36    #1-#9:   1%   #6-#9:  -2%
pg1336.0261  0.5 W, 0.2 N   11.39    4.98  4.76  4.69  4.59    #1-#9:   1%   #6-#9:  -2%
pg1336.0262  0.3 W, 0.3 N   11.35    4.78  4.45  4.39  4.66    #1-#9:   1%   #6-#9:   6%
pg1336.0263  0.1 E, 0.2 N   11.28    4.93  4.96  4.47  4.62    #1-#9:  10%   #6-#9:   3%
pg1336.0264  0.4 W, 0.4 N   11.21    4.93  4.55  4.48  4.38    #1-#9:   2%   #6-#9:  -2%
pg1336.0265  0.5 W, 0.1 N   11.10    4.95  4.63  4.69  4.71    #1-#9:  -1%   #6-#9:   0%
pg1336.0266  0.4 W, 0.0 N   11.01    4.88  4.53  4.47  4.41    #1-#9:   1%   #6-#9:  -1%
pg1336.0267  0.6 E, 0.3 N   10.94    4.92  4.84  4.67  4.52    #1-#9:   4%   #6-#9:  -3%
pg1336.0268  0.2 W, 0.2 N   10.85    4.73  4.48  4.23  4.30    #1-#9:   6%   #6-#9:   2%
pg1336.0269  0.2 W, 0.3 N   10.77    4.82  4.49  4.48  4.60    #1-#9:   0%   #6-#9:   3%
pg1336.0270  0.1 W, 0.3 N   10.71    4.97  4.59  4.55  4.49    #1-#9:   1%   #6-#9:  -1%
pg1336.0271  0.5 E, 0.4 N   10.67    4.93  4.74  4.55  4.59    #1-#9:   4%   #6-#9:   1%
pg1336.0272  0.2 W, 0.2 N   10.64    5.12  4.64  4.57  4.68    #1-#9:   2%   #6-#9:   2%
pg1336.0273  0.5 W, 0.3 N   10.62    5.11  4.64  4.84  4.63    #1-#9:  -4%   #6-#9:  -4%
pg1336.0274  0.5 W, 0.2 N   10.61    4.84  4.35  4.45  4.38    #1-#9:  -2%   #6-#9:  -2%
pg1336.0275  0.0 E, 0.4 N   10.63    4.98  4.56  4.54  4.59    #1-#9:   0%   #6-#9:   1%
pg1336.0276  0.3 W, 0.3 N   10.63    4.78  4.45  4.30  4.48    #1-#9:   3%   #6-#9:   4%
pg1336.0277  0.3 W, 0.3 N   10.62    5.08  4.76  4.58  4.76    #1-#9:   4%   #6-#9:   4%
pg1336.0278  0.4 W, 0.1 N   10.61    4.70  4.51  4.17  4.21    #1-#9:   8%   #6-#9:   1%
pg1336.0279  0.1 W, 0.3 N   10.62    5.08  4.82  4.76  4.70    #1-#9:   1%   #6-#9:  -1%
pg1336.0280  0.1 W, 0.3 N   10.63    4.87  4.74  4.68  4.53    #1-#9:   1%   #6-#9:  -3%
pg1336.0281  0.5 W, 0.3 N   10.62    4.81  4.54  4.41  4.50    #1-#9:   3%   #6-#9:   2%
pg1336.0282  0.7 W, 0.3 N   10.61    4.90  4.59  4.45  4.68    #1-#9:   3%   #6-#9:   5%
pg1336.0283  0.2 W, 0.1 N   10.61    5.24  4.88  4.76  4.78    #1-#9:   2%   #6-#9:   0%
pg1336.0284  0.1 W, 0.2 N   10.63    5.24  4.77  4.75  4.78    #1-#9:   0%   #6-#9:   1%
pg1336.0285  0.3 W, 0.2 N   10.62    4.84  4.39  4.32  4.31    #1-#9:   2%   #6-#9:   0%
pg1336.0286  0.3 W, 0.1 N   10.60    4.87  4.68  4.52  4.61    #1-#9:   3%   #6-#9:   2%
pg1336.0287  0.5 W, 0.2 N   10.61    4.88  4.62  4.40  4.57    #1-#9:   5%   #6-#9:   4%
pg1336.0288  0.1 E, 0.2 N   10.61    5.37  5.03  4.86  4.90    #1-#9:   3%   #6-#9:   1%
pg1336.0289  0.4 W, 0.3 N   10.61    5.11  4.78  4.64  4.84    #1-#9:   3%   #6-#9:   4%
pg1336.0290  0.4 W, 0.2 N   10.61    5.25  4.98  4.86  5.03    #1-#9:   2%   #6-#9:   3%
pg1336.0291  0.5 W, 0.2 N   10.60    5.41  5.16  4.99  5.17    #1-#9:   3%   #6-#9:   4%
pg1336.0292  0.1 E, 0.3 N   10.60    5.23  5.10  4.95  4.93    #1-#9:   3%   #6-#9:   0%
pg1336.0293  0.4 W, 0.1 N   10.61    5.30  4.95  5.05  5.03    #1-#9:  -2%   #6-#9:   0%
pg1336.0294  0.4 W, 0.0 N   10.61    5.58  5.05  5.18  5.14    #1-#9:  -3%   #6-#9:  -1%
pg1336.0295  0.5 W, 0.1 N   10.59    5.80  5.44  5.13  5.37    #1-#9:   6%   #6-#9:   5%
pg1336.0296  0.3 E, 0.0 N   10.60    5.96  5.38  5.36  5.28    #1-#9:   0%   #6-#9:  -2%
pg1336.0297  0.4 W, 0.1 N   10.60    5.15  4.88  4.49  4.88    #1-#9:   8%   #6-#9:   8%
pg1336.0298  0.4 W, 0.3 N   10.60    4.82  4.46  4.41  4.28    #1-#9:   1%   #6-#9:  -3%
pg1336.0299  0.1 W, 0.1 N   10.59    4.84  4.44  4.44  4.44    #1-#9:   0%   #6-#9:   0%
pg1336.0300  0.4 E, 0.4 N   10.59    5.20  4.83  4.78  4.87    #1-#9:   1%   #6-#9:   2%
pg1336.0301  0.5 W, 0.3 N   10.59    5.68  5.35  5.16  5.28    #1-#9:   4%   #6-#9:   2%
pg1336.0302  0.4 W, 0.1 N   10.59    5.74  5.59  5.58  5.62    #1-#9:   0%   #6-#9:   1%
pg1336.0303  0.6 W, 0.1 N   10.59    5.59  5.37  5.10  5.22    #1-#9:   5%   #6-#9:   2%
pg1336.0304  0.4 W, 0.3 N   10.56    6.89  6.67  6.51  6.13    #1-#9:   2%   #6-#9:  -6%
pg1336.0305  0.3 W, 0.2 N   10.57    6.36  6.00  5.78  5.79    #1-#9:   4%   #6-#9:   0%
pg1336.0306  0.4 W, 0.0 N   10.57    6.97  6.43  6.29  6.76    #1-#9:   2%   #6-#9:   7%
pg1336.0307  0.7 W, 0.1 N   10.58    5.49  5.12  4.95  4.96    #1-#9:   3%   #6-#9:   0%
pg1336.0308  0.1 W, 0.2 N   10.56    6.02  5.69  5.58  5.57    #1-#9:   2%   #6-#9:   0%
pg1336.0309  0.0 W, 0.0 N   10.56    5.67  5.28  4.94  5.20    #1-#9:   7%   #6-#9:   5%
pg1336.0310  0.6 W, 0.0 N   10.57    5.15  4.78  4.29  4.58    #1-#9:  11%   #6-#9:   7%
pg1336.0311  0.5 W, 0.1 N   10.57    5.50  5.18  4.83  5.15    #1-#9:   7%   #6-#9:   6%
pg1336.0312  0.1 E, 0.3 S   10.55    5.22  4.93  4.84  4.90    #1-#9:   2%   #6-#9:   1%
pg1336.0313  0.2 W, 0.1 N   10.55    5.19  5.03  4.86  5.00    #1-#9:   3%   #6-#9:   3%
pg1336.0314  0.5 W, 0.1 N   10.56    5.34  5.07  4.84  4.92    #1-#9:   5%   #6-#9:   2%
pg1336.0315  0.6 W, 0.3 N   10.56    5.45  5.00  4.81  5.03    #1-#9:   4%   #6-#9:   4%
pg1336.0316  0.6 W, 0.1 N   10.55    5.37  5.16  4.92  5.00    #1-#9:   5%   #6-#9:   2%
pg1336.0317  0.0 E, 0.2 N   10.53    5.69  5.39  5.24  5.26    #1-#9:   3%   #6-#9:   0%
pg1336.0318  0.6 W, 0.3 N   10.54    5.19  4.93  4.50  4.75    #1-#9:   9%   #6-#9:   5%
pg1336.0319  0.7 W, 0.3 N   10.55    5.44  5.09  4.80  4.91    #1-#9:   6%   #6-#9:   2%
pg1336.0320  0.5 W, 0.1 N   10.54    5.04  4.80  4.46  4.64    #1-#9:   7%   #6-#9:   4%
pg1336.0321  0.0 E, 0.2 N   10.52    4.83  4.47  4.43  4.53    #1-#9:   1%   #6-#9:   2%
pg1336.0322  0.7 W, 0.1 N   10.53    5.56  5.31  5.10  5.05    #1-#9:   4%   #6-#9:  -1%
pg1336.0323  0.5 W, 0.2 N   10.54    5.26  5.06  4.92  4.88    #1-#9:   3%   #6-#9:  -1%
pg1336.0324  0.5 W, 0.1 N   10.52    4.97  4.62  4.41  4.72    #1-#9:   5%   #6-#9:   7%
pg1336.0325  0.1 E, 0.1 N   10.52    4.84  4.54  4.25  4.44    #1-#9:   7%   #6-#9:   4%
pg1336.0326  0.3 W, 0.2 N   10.52    4.64  4.49  4.32  4.31    #1-#9:   4%   #6-#9:   0%
pg1336.0327  0.5 W, 0.1 N   10.52    5.14  4.74  4.77  4.74    #1-#9:  -1%   #6-#9:  -1%
pg1336.0328  0.7 W, 0.1 N   10.52    5.04  4.76  4.43  4.64    #1-#9:   7%   #6-#9:   5%
pg1336.0329  0.1 E, 0.2 N   10.51    4.96  4.71  4.62  4.72    #1-#9:   2%   #6-#9:   2%
pg1336.0330  0.7 W, 0.1 N   10.51    5.18  4.92  4.89  4.86    #1-#9:   1%   #6-#9:  -1%
pg1336.0331  0.6 W, 0.0 N   10.51    5.25  4.83  4.84  4.87    #1-#9:   0%   #6-#9:   1%
pg1336.0332  0.6 W, 0.1 N   10.51    5.18  4.84  4.73  4.78    #1-#9:   2%   #6-#9:   1%
pg1336.0333  0.0 W, 0.4 N   10.49    5.68  5.27  5.08  5.30    #1-#9:   4%   #6-#9:   4%
pg1336.0334  0.3 W, 0.2 N   10.48    5.20  4.84  4.65  4.74    #1-#9:   4%   #6-#9:   2%
pg1336.0335  0.8 W, 0.4 N   10.49    5.40  4.72  4.86  4.80    #1-#9:  -3%   #6-#9:  -1%
pg1336.0336  0.7 W, 0.2 N   10.50    4.93  4.60  4.37  4.67    #1-#9:   5%   #6-#9:   7%
pg1336.0337  0.5 W, 0.2 N   10.47    5.76  5.46  5.24  5.29    #1-#9:   4%   #6-#9:   1%
pg1336.0338  0.1 W, 0.0 N   10.48    5.28  4.99  4.76  4.72    #1-#9:   5%   #6-#9:  -1%
pg1336.0339  0.2 W, 0.1 N   10.49    5.12  4.78  4.64  4.64    #1-#9:   3%   #6-#9:   0%
pg1336.0340  0.3 W, 0.3 N   10.48    5.60  5.28  5.13  5.12    #1-#9:   3%   #6-#9:   0%
pg1336.0341  0.1 W, 0.2 N   10.47    4.76  4.66  4.33  4.54    #1-#9:   7%   #6-#9:   5%
pg1336.0342  0.0 W, 0.1 N   10.47    5.37  5.08  4.80  5.08    #1-#9:   6%   #6-#9:   6%
pg1336.0343  0.2 W, 0.3 N   10.47    5.01  4.69  4.38  4.54    #1-#9:   7%   #6-#9:   4%
pg1336.0344  0.4 W, 0.2 N   10.47    5.00  4.72  4.37  4.62    #1-#9:   8%   #6-#9:   6%
pg1336.0345  0.0 W, 0.1 N   10.47    4.87  4.54  4.52  4.55    #1-#9:   0%   #6-#9:   1%
pg1336.0346  0.1 E, 0.1 N   10.46    5.26  4.88  4.58  4.77    #1-#9:   6%   #6-#9:   4%
pg1336.0347  0.5 W, 0.3 N   10.46    4.98  4.62  4.46  4.56    #1-#9:   4%   #6-#9:   2%
pg1336.0348  0.4 W, 0.1 N   10.46    5.52  5.01  4.97  4.92    #1-#9:   1%   #6-#9:  -1%
pg1336.0349  0.5 W, 0.3 N   10.46    5.23  4.95  4.51  4.78    #1-#9:   9%   #6-#9:   6%
pg1336.0350  0.3 E, 0.2 N   10.44    5.69  5.19  4.87  5.17    #1-#9:   6%   #6-#9:   6%
pg1336.0351  0.4 W, 0.1 N   10.45    5.57  5.28  5.02  5.06    #1-#9:   5%   #6-#9:   1%
pg1336.0352  0.3 W, 0.3 N   10.47    5.64  5.18  4.78  5.18    #1-#9:   8%   #6-#9:   8%
pg1336.0353  0.2 W, 0.0 N   10.48    5.32  4.92  4.74  4.88    #1-#9:   4%   #6-#9:   3%
pg1336.0354  0.5 E, 0.3 N   10.48    4.95  4.60  4.44  4.48    #1-#9:   4%   #6-#9:   1%
pg1336.0355  0.2 W, 0.2 N   10.49    5.07  4.74  4.41  4.64    #1-#9:   7%   #6-#9:   5%
pg1336.0356  0.5 W, 0.3 N   10.52    5.12  4.75  4.49  4.71    #1-#9:   6%   #6-#9:   5%
pg1336.0357  0.4 W, 0.4 N   10.53    5.29  4.78  4.74  4.82    #1-#9:   1%   #6-#9:   2%
pg1336.0358  0.3 E, 0.2 N   10.53    5.20  4.95  4.78  4.97    #1-#9:   3%   #6-#9:   4%
pg1336.0359  0.3 W, 0.2 N   10.54    5.31  5.02  4.60  4.86    #1-#9:   9%   #6-#9:   5%
pg1336.0360  0.3 W, 0.1 N   10.56    5.29  4.92  4.70  4.94    #1-#9:   5%   #6-#9:   5%
pg1336.0361  0.7 W, 0.4 N   10.56    5.39  4.98  4.83  4.87    #1-#9:   3%   #6-#9:   1%
pg1336.0362  0.1 E, 0.4 N   10.55    5.94  5.74  5.29  5.52    #1-#9:   8%   #6-#9:   4%
pg1336.0363  1.1 E, 0.2 N   10.55    5.36  4.91  4.70  4.86    #1-#9:   4%   #6-#9:   3%
pg1336.0364  0.5 E, 0.2 N   10.54    5.76  5.24  5.17  5.20    #1-#9:   1%   #6-#9:   1%
pg1336.0365  0.1 E, 0.2 N   10.54    5.29  4.86  4.70  4.81    #1-#9:   3%   #6-#9:   2%
pg1336.0366  0.3 E, 0.4 N   10.53    5.34  5.20  4.80  4.98    #1-#9:   8%   #6-#9:   4%
pg1336.0367  1.3 E, 0.3 N   10.50    5.23  4.72  4.70  4.71    #1-#9:   0%   #6-#9:   0%
pg1336.0368  0.5 E, 0.2 N   10.50    4.66  4.25  3.99  4.31    #1-#9:   6%   #6-#9:   8%
pg1336.0369  0.3 W, 0.3 N   10.51    5.06  4.69  4.65  4.71    #1-#9:   1%   #6-#9:   1%
pg1336.0370  0.4 W, 0.0 N   10.48    5.75  5.45  5.25  5.35    #1-#9:   4%   #6-#9:   2%
pg1336.0371  0.0 E, 0.3 N   10.46    5.60  5.32  4.87  5.16    #1-#9:   9%   #6-#9:   6%
pg1336.0372  0.8 W, 0.3 N   10.47    4.98  4.51  4.35  4.44    #1-#9:   4%   #6-#9:   2%
pg1336.0373  0.7 W, 0.3 N   10.47    5.27  5.14  4.80  4.72    #1-#9:   7%   #6-#9:  -2%
pg1336.0374  0.5 W, 0.2 N   10.47    4.94  4.77  4.42  4.63    #1-#9:   8%   #6-#9:   5%
pg1336.0375  0.2 E, 0.1 N   10.46    5.36  5.13  4.61  4.91    #1-#9:  11%   #6-#9:   6%
pg1336.0376  0.5 W, 0.0 N   10.47    5.02  4.75  4.64  4.58    #1-#9:   2%   #6-#9:  -1%
pg1336.0377  0.5 W, 0.1 N   10.48    5.17  4.73  4.46  4.64    #1-#9:   6%   #6-#9:   4%
pg1336.0378  0.7 W, 0.3 N   10.48    5.47  4.85  4.92  4.77    #1-#9:  -1%   #6-#9:  -3%
pg1336.0379  0.0 W, 0.2 N   10.48    4.99  4.51  4.45  4.51    #1-#9:   1%   #6-#9:   1%
pg1336.0380  0.4 W, 0.3 N   10.48    5.12  4.79  4.48  4.78    #1-#9:   7%   #6-#9:   6%
pg1336.0381  0.1 W, 0.2 N   10.48    5.61  5.20  5.04  5.02    #1-#9:   3%   #6-#9:   0%
pg1336.0382  0.1 W, 0.1 N   10.49    5.49  5.01  4.85  4.97    #1-#9:   3%   #6-#9:   2%
pg1336.0383  0.5 E, 0.4 N   10.50    5.22  4.83  4.67  4.82    #1-#9:   3%   #6-#9:   3%
pg1336.0384  0.1 W, 0.2 N   10.49    5.46  5.02  4.74  4.91    #1-#9:   6%   #6-#9:   4%
pg1336.0385  0.4 W, 0.3 N   10.49    5.56  4.99  4.84  4.96    #1-#9:   3%   #6-#9:   2%
pg1336.0386  0.3 W, 0.2 N   10.51    5.17  4.77  4.67  4.70    #1-#9:   2%   #6-#9:   1%
pg1336.0387  0.1 E, 0.2 N   10.50    5.87  5.39  5.28  5.43    #1-#9:   2%   #6-#9:   3%
pg1336.0388  0.2 W, 0.3 N   10.50    5.28  4.98  4.49  4.87    #1-#9:  10%   #6-#9:   8%
pg1336.0389  0.2 W, 0.2 N   10.51    5.38  4.77  4.84  4.83    #1-#9:  -1%   #6-#9:   0%
pg1336.0390  0.5 W, 0.2 N   10.52    5.30  5.03  4.64  4.81    #1-#9:   8%   #6-#9:   4%
pg1336.0391  0.2 E, 0.3 N   10.53    5.55  5.26  4.81  5.12    #1-#9:   9%   #6-#9:   6%
pg1336.0392  0.0 W, 0.3 N   10.52    5.50  4.89  4.78  4.92    #1-#9:   2%   #6-#9:   3%
pg1336.0393  0.4 W, 0.3 N   10.52    5.30  5.07  4.70  4.87    #1-#9:   8%   #6-#9:   4%
pg1336.0394  0.5 W, 0.2 N   10.54    5.13  4.71  4.30  4.69    #1-#9:   9%   #6-#9:   9%
pg1336.0395  0.3 W, 0.3 N   10.54    5.73  5.46  5.12  5.09    #1-#9:   6%   #6-#9:  -1%
pg1336.0396  0.0 E, 0.2 N   10.54    6.09  5.74  5.32  5.47    #1-#9:   8%   #6-#9:   3%
pg1336.0397  0.5 W, 0.2 N   10.53    5.80  5.50  5.02  5.26    #1-#9:   9%   #6-#9:   5%
pg1336.0398  0.3 W, 0.2 N   10.54    5.62  4.98  5.07  5.10    #1-#9:  -2%   #6-#9:   1%
pg1336.0399  0.1 E, 0.0 S   10.56    5.53  5.36  4.75  5.06    #1-#9:  12%   #6-#9:   6%
pg1336.0400  0.2 E, 0.1 N   10.55    5.83  5.28  4.95  5.24    #1-#9:   6%   #6-#9:   6%
pg1336.0401  0.4 W, 0.2 N   10.55    5.34  4.74  4.63  4.72    #1-#9:   2%   #6-#9:   2%
pg1336.0402  0.3 W, 0.4 N   10.55    5.83  5.18  4.96  5.02    #1-#9:   4%   #6-#9:   1%
pg1336.0403  0.5 W, 0.3 N   10.57    5.51  4.91  4.76  4.89    #1-#9:   3%   #6-#9:   3%
pg1336.0404  0.0 E, 0.4 N   10.57    6.00  5.54  5.35  5.56    #1-#9:   3%   #6-#9:   4%
pg1336.0405  0.4 W, 0.1 N   10.56    5.93  5.48  5.12  5.08    #1-#9:   7%   #6-#9:  -1%
pg1336.0406  0.2 W, 0.1 N   10.56    6.15  5.52  5.14  5.62    #1-#9:   7%   #6-#9:   9%
pg1336.0407  0.5 W, 0.1 N   10.58    5.52  5.12  5.03  5.07    #1-#9:   2%   #6-#9:   1%
pg1336.0408  0.5 E, 0.4 N   10.59    6.00  5.34  4.99  5.19    #1-#9:   7%   #6-#9:   4%
pg1336.0409  0.3 W, 0.2 N   10.58    5.36  5.00  4.67  4.80    #1-#9:   7%   #6-#9:   3%
pg1336.0410  0.4 W, 0.0 S   10.58    5.68  4.95  4.89  4.94    #1-#9:   1%   #6-#9:   1%
pg1336.0411  0.3 W, 0.3 N   10.60    5.29  4.83  4.36  4.78    #1-#9:  10%   #6-#9:   9%
pg1336.0412  0.5 E, 0.3 N   10.61    5.41  5.00  4.68  4.96    #1-#9:   7%   #6-#9:   6%
pg1336.0413  0.5 W, 0.1 N   10.60    5.63  5.03  4.95  5.08    #1-#9:   2%   #6-#9:   3%
pg1336.0414  0.2 W, 0.2 N   10.59    6.08  5.24  5.45  5.08    #1-#9:  -4%   #6-#9:  -7%
pg1336.0415  0.4 W, 0.2 N   10.61    5.27  4.82  4.68  4.75    #1-#9:   3%   #6-#9:   1%
pg1336.0416  0.2 E, 0.2 N   10.61    5.58  5.28  4.82  4.96    #1-#9:   9%   #6-#9:   3%
pg1336.0417  0.3 W, 0.2 N   10.61    5.95  5.35  5.14  5.30    #1-#9:   4%   #6-#9:   3%
pg1336.0418  0.4 W, 0.1 N   10.61    5.47  4.76  4.86  4.79    #1-#9:  -2%   #6-#9:  -1%
pg1336.0419  0.5 W, 0.4 N   10.62    5.56  5.27  4.94  4.90    #1-#9:   6%   #6-#9:  -1%
pg1336.0420  0.1 W, 0.0 N   10.63    6.03  5.58  5.27  5.30    #1-#9:   6%   #6-#9:   1%
pg1336.0421  0.1 W, 0.4 N   10.63    5.88  5.39  5.32  5.38    #1-#9:   1%   #6-#9:   1%
pg1336.0422  0.6 W, 0.1 N   10.61    5.92  5.26  5.65  5.28    #1-#9:  -7%   #6-#9:  -7%
pg1336.0423  0.5 W, 0.1 N   10.63    5.48  4.92  4.98  4.83    #1-#9:  -1%   #6-#9:  -3%
pg1336.0424  0.2 W, 0.3 N   10.64    5.97  5.42  5.16  5.06    #1-#9:   5%   #6-#9:  -2%
pg1336.0425  0.0 W, 0.2 N   10.64    5.41  4.75  4.82  4.76    #1-#9:  -1%   #6-#9:  -1%
pg1336.0426  0.2 W, 0.4 N   10.63    5.57  5.16  4.86  4.93    #1-#9:   6%   #6-#9:   1%
pg1336.0427  0.6 W, 0.3 N   10.64    5.67  5.15  5.04  5.10    #1-#9:   2%   #6-#9:   1%
pg1336.0428  0.4 W, 0.2 N   10.65    6.08  5.59  5.51  5.66    #1-#9:   1%   #6-#9:   3%
pg1336.0429  0.4 E, 0.1 N   10.65    6.02  5.50  5.50  5.54    #1-#9:   0%   #6-#9:   1%
pg1336.0430  0.4 W, 0.0 N   10.64    5.96  5.34  5.29  5.22    #1-#9:   1%   #6-#9:  -1%
pg1336.0431  0.5 W, 0.0 N   10.64    5.88  5.13  5.08  5.20    #1-#9:   1%   #6-#9:   2%
pg1336.0432  0.4 W, 0.2 N   10.66    5.72  5.02  5.08  5.20    #1-#9:  -1%   #6-#9:   2%
pg1336.0433  0.4 E, 0.1 N   10.66    6.34  5.61  5.86  5.69    #1-#9:  -4%   #6-#9:  -3%
pg1336.0434  0.4 W, 0.5 N   10.64    6.24  5.87  5.58  5.41    #1-#9:   5%   #6-#9:  -3%
pg1336.0435  0.4 W, 0.2 N   10.65    6.00  5.41  5.66  5.37    #1-#9:  -5%   #6-#9:  -5%
pg1336.0436  0.4 W, 0.1 N   10.66    6.53  5.91  5.87  5.83    #1-#9:   1%   #6-#9:  -1%
pg1336.0437  0.3 E, 0.1 N   10.66    6.44  5.84  5.90  5.81    #1-#9:  -1%   #6-#9:  -2%
pg1336.0438  0.3 W, 0.4 N   10.66    5.86  5.30  5.13  5.21    #1-#9:   3%   #6-#9:   2%
pg1336.0439  0.1 W, 0.1 N   10.66    5.58  5.03  4.97  5.12    #1-#9:   1%   #6-#9:   3%
pg1336.0440  0.4 W, 0.2 N   10.67    5.54  4.87  4.96  4.96    #1-#9:  -2%   #6-#9:   0%
pg1336.0441  0.3 E, 0.1 N   10.67    5.79  5.00  5.36  5.36    #1-#9:  -7%   #6-#9:   0%
pg1336.0442  0.3 W, 0.3 N   10.67    5.72  5.18  5.16  5.17    #1-#9:   0%   #6-#9:   0%
pg1336.0443  0.6 W, 0.1 N   10.66    6.07  5.34  5.76  5.50    #1-#9:  -8%   #6-#9:  -5%
pg1336.0444  0.5 W, 0.2 N   10.67    5.64  5.03  4.97  5.09    #1-#9:   1%   #6-#9:   2%
pg1336.0445  0.2 E, 0.3 N   10.67    6.65  6.22  6.07  5.95    #1-#9:   2%   #6-#9:  -2%
pg1336.0446  0.3 W, 0.2 N   10.68    6.16  5.70  5.56  5.46    #1-#9:   2%   #6-#9:  -2%
pg1336.0447  0.4 W, 0.2 N   10.67    5.80  5.19  4.83  5.24    #1-#9:   7%   #6-#9:   8%
pg1336.0448  0.3 W, 0.1 S   10.67    5.68  5.26  4.84  5.13    #1-#9:   8%   #6-#9:   6%
pg1336.0449  0.0 W, 0.5 N   10.68    6.02  5.52  5.29  5.29    #1-#9:   4%   #6-#9:   0%
pg1336.0450  0.3 W, 0.1 S   10.68    5.92  5.12  5.38  5.27    #1-#9:  -5%   #6-#9:  -2%
pg1336.0451  0.5 W, 0.3 N   10.69    5.68  5.32  5.15  5.06    #1-#9:   3%   #6-#9:  -2%
pg1336.0452  0.7 W, 0.3 N   10.72    5.74  5.42  4.87  5.19    #1-#9:  11%   #6-#9:   6%
pg1336.0453  0.1 W, 0.2 N   10.77    5.70  5.30  4.94  5.09    #1-#9:   7%   #6-#9:   3%
pg1336.0454  0.0 W, 0.3 N   10.85    5.67  5.16  5.07  5.02    #1-#9:   2%   #6-#9:  -1%
pg1336.0455  0.5 W, 0.2 N   10.91    5.81  5.34  4.98  5.17    #1-#9:   7%   #6-#9:   4%
pg1336.0456  0.4 W, 0.3 N   10.99    5.49  4.95  4.74  4.82    #1-#9:   4%   #6-#9:   2%
pg1336.0457  0.1 W, 0.2 N   11.08    5.49  5.21  4.77  4.98    #1-#9:   9%   #6-#9:   4%
pg1336.0458  0.1 E, 0.3 N   11.18    6.12  5.44  5.00  5.47    #1-#9:   8%   #6-#9:   9%
pg1336.0459  0.5 W, 0.1 N   11.27    5.81  5.30  4.91  5.16    #1-#9:   8%   #6-#9:   5%
pg1336.0460  0.4 W, 0.2 N   11.37    5.62  5.08  4.84  5.18    #1-#9:   5%   #6-#9:   7%
pg1336.0461  0.4 W, 0.2 N   11.41    6.18  5.54  5.33  5.52    #1-#9:   4%   #6-#9:   4%
pg1336.0462  0.0 W, 0.1 N   11.44    5.90  5.09  4.92  5.17    #1-#9:   3%   #6-#9:   5%
pg1336.0463  0.5 W, 0.2 N   11.45    5.82  5.19  5.02  5.28    #1-#9:   3%   #6-#9:   5%
pg1336.0464  0.5 W, 0.1 N   11.40    6.14  5.47  5.54  5.48    #1-#9:  -1%   #6-#9:  -1%
pg1336.0465  0.5 W, 0.1 N   11.31    6.77  5.72  6.07  5.95    #1-#9:  -6%   #6-#9:  -2%
pg1336.0466  0.6 E, 0.2 N   11.28    6.30  5.85  5.59  5.74    #1-#9:   5%   #6-#9:   3%
pg1336.0467  0.2 W, 0.2 N   11.15    6.64  6.17  6.00  5.94    #1-#9:   3%   #6-#9:  -1%
pg1336.0468  0.3 W, 0.1 N   11.16    6.50  5.79  5.74  5.85    #1-#9:   1%   #6-#9:   2%
pg1336.0469  0.6 W, 0.3 N   11.04    6.59  5.92  6.10  6.17    #1-#9:  -3%   #6-#9:   1%
pg1336.0470  0.1 W, 0.4 N   10.88    6.12  5.75  5.56  5.30    #1-#9:   3%   #6-#9:  -5%
pg1336.0471  0.5 W, 0.2 S   10.83    5.95  5.31  5.42  5.38    #1-#9:  -2%   #6-#9:  -1%
pg1336.0472  0.5 W, 0.3 N   10.77    6.03  5.48  5.36  5.18    #1-#9:   2%   #6-#9:  -3%
pg1336.0473  0.5 W, 0.0 N   10.72    6.05  5.52  5.22  5.38    #1-#9:   6%   #6-#9:   3%
pg1336.0474  0.2 E, 0.1 S   10.69    6.51  5.87  5.87  5.89    #1-#9:   0%   #6-#9:   0%
pg1336.0475  0.1 W, 0.1 N   10.70    6.02  5.43  5.28  5.19    #1-#9:   3%   #6-#9:  -2%
pg1336.0476  0.3 W, 0.2 N   10.70    6.32  5.83  5.38  5.74    #1-#9:   8%   #6-#9:   6%
pg1336.0477  0.8 W, 0.3 S   10.69    6.10  5.56  5.21  5.53    #1-#9:   6%   #6-#9:   6%
pg1336.0478  0.1 W, 0.1 N   10.68    6.20  5.61  5.22  5.48    #1-#9:   7%   #6-#9:   5%
